running develop
running egg_info
creating my_bot_py.egg-info
writing my_bot_py.egg-info/PKG-INFO
writing dependency_links to my_bot_py.egg-info/dependency_links.txt
writing entry points to my_bot_py.egg-info/entry_points.txt
writing requirements to my_bot_py.egg-info/requires.txt
writing top-level names to my_bot_py.egg-info/top_level.txt
writing manifest file 'my_bot_py.egg-info/SOURCES.txt'
reading manifest file 'my_bot_py.egg-info/SOURCES.txt'
writing manifest file 'my_bot_py.egg-info/SOURCES.txt'
running build_ext
Creating /home/ubuntu/ros2_ws/install/my_bot_py/lib/python3.10/site-packages/my-bot-py.egg-link (link to .)
Installing cmd_vel_to_motor script to /home/ubuntu/ros2_ws/install/my_bot_py/lib/my_bot_py

Installed /home/ubuntu/ros2_ws/build/my_bot_py
running symlink_data
creating /home/ubuntu/ros2_ws/install/my_bot_py/share/ament_index
creating /home/ubuntu/ros2_ws/install/my_bot_py/share/ament_index/resource_index
creating /home/ubuntu/ros2_ws/install/my_bot_py/share/ament_index/resource_index/packages
symbolically linking /home/ubuntu/ros2_ws/build/my_bot_py/resource/my_bot_py -> /home/ubuntu/ros2_ws/install/my_bot_py/share/ament_index/resource_index/packages
symbolically linking /home/ubuntu/ros2_ws/build/my_bot_py/package.xml -> /home/ubuntu/ros2_ws/install/my_bot_py/share/my_bot_py
