[7.178s] Invoking command in '/home/ubuntu/ros2_ws/build/my_bot_py': PYTHONPATH=/home/ubuntu/ros2_ws/build/my_bot_py/prefix_override:/usr/lib/python3/dist-packages/colcon_core/task/python/colcon_distutils_commands:/home/ubuntu/ros2_ws/install/my_bot_py/lib/python3.10/site-packages:${PYTHONPATH} /usr/bin/python3 -W ignore:setup.py install is deprecated -W ignore:easy_install command is deprecated setup.py develop --editable --build-directory /home/ubuntu/ros2_ws/build/my_bot_py/build --no-deps symlink_data
[9.207s] running develop
[10.869s] running egg_info
[10.870s] creating my_bot_py.egg-info
[10.872s] writing my_bot_py.egg-info/PKG-INFO
[10.873s] writing dependency_links to my_bot_py.egg-info/dependency_links.txt
[10.874s] writing entry points to my_bot_py.egg-info/entry_points.txt
[10.874s] writing requirements to my_bot_py.egg-info/requires.txt
[10.875s] writing top-level names to my_bot_py.egg-info/top_level.txt
[10.876s] writing manifest file 'my_bot_py.egg-info/SOURCES.txt'
[10.887s] reading manifest file 'my_bot_py.egg-info/SOURCES.txt'
[10.892s] writing manifest file 'my_bot_py.egg-info/SOURCES.txt'
[10.904s] running build_ext
[10.908s] Creating /home/ubuntu/ros2_ws/install/my_bot_py/lib/python3.10/site-packages/my-bot-py.egg-link (link to .)
[10.915s] Installing cmd_vel_to_motor script to /home/ubuntu/ros2_ws/install/my_bot_py/lib/my_bot_py
[10.919s] 
[10.921s] Installed /home/ubuntu/ros2_ws/build/my_bot_py
[10.924s] running symlink_data
[10.926s] creating /home/ubuntu/ros2_ws/install/my_bot_py/share/ament_index
[10.928s] creating /home/ubuntu/ros2_ws/install/my_bot_py/share/ament_index/resource_index
[10.930s] creating /home/ubuntu/ros2_ws/install/my_bot_py/share/ament_index/resource_index/packages
[10.931s] symbolically linking /home/ubuntu/ros2_ws/build/my_bot_py/resource/my_bot_py -> /home/ubuntu/ros2_ws/install/my_bot_py/share/ament_index/resource_index/packages
[10.933s] symbolically linking /home/ubuntu/ros2_ws/build/my_bot_py/package.xml -> /home/ubuntu/ros2_ws/install/my_bot_py/share/my_bot_py
[11.266s] Invoked command in '/home/ubuntu/ros2_ws/build/my_bot_py' returned '0': PYTHONPATH=/home/ubuntu/ros2_ws/build/my_bot_py/prefix_override:/usr/lib/python3/dist-packages/colcon_core/task/python/colcon_distutils_commands:/home/ubuntu/ros2_ws/install/my_bot_py/lib/python3.10/site-packages:${PYTHONPATH} /usr/bin/python3 -W ignore:setup.py install is deprecated -W ignore:easy_install command is deprecated setup.py develop --editable --build-directory /home/ubuntu/ros2_ws/build/my_bot_py/build --no-deps symlink_data
