[1.042s] Invoking command in '/home/ubuntu/ros2_ws/build/slam_all': AMENT_PREFIX_PATH=/home/ubuntu/ros2_ws/install/rplidar_ros:${AMENT_PREFIX_PATH} CMAKE_PREFIX_PATH=/home/ubuntu/ros2_ws/install/rplidar_ros PYTHONPATH=/home/ubuntu/ros2_ws/build/slam_all/prefix_override:/usr/lib/python3/dist-packages/colcon_core/task/python/colcon_distutils_commands:/home/ubuntu/ros2_ws/install/slam_all/lib/python3.10/site-packages:${PYTHONPATH} /usr/bin/python3 -W ignore:setup.py install is deprecated -W ignore:easy_install command is deprecated setup.py develop --editable --build-directory /home/ubuntu/ros2_ws/build/slam_all/build --no-deps symlink_data
[2.507s] running develop
[3.569s] running egg_info
[3.570s] creating slam_all.egg-info
[3.570s] writing slam_all.egg-info/PKG-INFO
[3.572s] writing dependency_links to slam_all.egg-info/dependency_links.txt
[3.572s] writing entry points to slam_all.egg-info/entry_points.txt
[3.573s] writing requirements to slam_all.egg-info/requires.txt
[3.573s] writing top-level names to slam_all.egg-info/top_level.txt
[3.574s] writing manifest file 'slam_all.egg-info/SOURCES.txt'
[3.582s] reading manifest file 'slam_all.egg-info/SOURCES.txt'
[3.585s] writing manifest file 'slam_all.egg-info/SOURCES.txt'
[3.592s] running build_ext
[3.592s] Creating /home/ubuntu/ros2_ws/install/slam_all/lib/python3.10/site-packages/slam-all.egg-link (link to .)
[3.596s] Installing fake_odom script to /home/ubuntu/ros2_ws/install/slam_all/lib/slam_all
[3.597s] 
[3.598s] Installed /home/ubuntu/ros2_ws/build/slam_all
[3.598s] running symlink_data
[3.599s] creating /home/ubuntu/ros2_ws/install/slam_all/share/ament_index
[3.599s] creating /home/ubuntu/ros2_ws/install/slam_all/share/ament_index/resource_index
[3.600s] creating /home/ubuntu/ros2_ws/install/slam_all/share/ament_index/resource_index/packages
[3.600s] symbolically linking /home/ubuntu/ros2_ws/build/slam_all/resource/slam_all -> /home/ubuntu/ros2_ws/install/slam_all/share/ament_index/resource_index/packages
[3.601s] symbolically linking /home/ubuntu/ros2_ws/build/slam_all/package.xml -> /home/ubuntu/ros2_ws/install/slam_all/share/slam_all
[3.601s] creating /home/ubuntu/ros2_ws/install/slam_all/share/slam_all/launch
[3.602s] symbolically linking /home/ubuntu/ros2_ws/build/slam_all/launch/all.launch.py -> /home/ubuntu/ros2_ws/install/slam_all/share/slam_all/launch
[3.603s] creating /home/ubuntu/ros2_ws/install/slam_all/share/slam_all/config
[3.604s] symbolically linking /home/ubuntu/ros2_ws/build/slam_all/config/slam_async.yaml -> /home/ubuntu/ros2_ws/install/slam_all/share/slam_all/config
[3.744s] Invoked command in '/home/ubuntu/ros2_ws/build/slam_all' returned '0': AMENT_PREFIX_PATH=/home/ubuntu/ros2_ws/install/rplidar_ros:${AMENT_PREFIX_PATH} CMAKE_PREFIX_PATH=/home/ubuntu/ros2_ws/install/rplidar_ros PYTHONPATH=/home/ubuntu/ros2_ws/build/slam_all/prefix_override:/usr/lib/python3/dist-packages/colcon_core/task/python/colcon_distutils_commands:/home/ubuntu/ros2_ws/install/slam_all/lib/python3.10/site-packages:${PYTHONPATH} /usr/bin/python3 -W ignore:setup.py install is deprecated -W ignore:easy_install command is deprecated setup.py develop --editable --build-directory /home/ubuntu/ros2_ws/build/slam_all/build --no-deps symlink_data
