[15.545s] Invoking command in '/home/ubuntu/ros2_ws/build/motor_serial_bridge': AMENT_PREFIX_PATH=/home/ubuntu/ros2_ws/install/serial_motor_demo_msgs:${AMENT_PREFIX_PATH} CMAKE_PREFIX_PATH=/home/ubuntu/ros2_ws/install/serial_motor_demo_msgs LD_LIBRARY_PATH=/home/ubuntu/ros2_ws/install/serial_motor_demo_msgs/lib:${LD_LIBRARY_PATH} PYTHONPATH=/home/ubuntu/ros2_ws/build/motor_serial_bridge/prefix_override:/usr/lib/python3/dist-packages/colcon_core/task/python/colcon_distutils_commands:/home/ubuntu/ros2_ws/install/motor_serial_bridge/lib/python3.10/site-packages:/home/ubuntu/ros2_ws/install/serial_motor_demo_msgs/local/lib/python3.10/dist-packages:${PYTHONPATH} /usr/bin/python3 -W ignore:setup.py install is deprecated -W ignore:easy_install command is deprecated setup.py develop --editable --build-directory /home/ubuntu/ros2_ws/build/motor_serial_bridge/build --no-deps symlink_data
[19.932s] running develop
[22.473s] running egg_info
[22.473s] creating motor_serial_bridge.egg-info
[22.474s] writing motor_serial_bridge.egg-info/PKG-INFO
[22.475s] writing dependency_links to motor_serial_bridge.egg-info/dependency_links.txt
[22.476s] writing entry points to motor_serial_bridge.egg-info/entry_points.txt
[22.477s] writing requirements to motor_serial_bridge.egg-info/requires.txt
[22.478s] writing top-level names to motor_serial_bridge.egg-info/top_level.txt
[22.479s] writing manifest file 'motor_serial_bridge.egg-info/SOURCES.txt'
[22.493s] reading manifest file 'motor_serial_bridge.egg-info/SOURCES.txt'
[22.497s] writing manifest file 'motor_serial_bridge.egg-info/SOURCES.txt'
[22.506s] running build_ext
[22.507s] Creating /home/ubuntu/ros2_ws/install/motor_serial_bridge/lib/python3.10/site-packages/motor-serial-bridge.egg-link (link to .)
[22.514s] Installing motor_serial_bridge script to /home/ubuntu/ros2_ws/install/motor_serial_bridge/lib/motor_serial_bridge
[22.517s] 
[22.518s] Installed /home/ubuntu/ros2_ws/build/motor_serial_bridge
[22.520s] running symlink_data
[22.521s] creating /home/ubuntu/ros2_ws/install/motor_serial_bridge/share/ament_index
[22.521s] creating /home/ubuntu/ros2_ws/install/motor_serial_bridge/share/ament_index/resource_index
[22.522s] creating /home/ubuntu/ros2_ws/install/motor_serial_bridge/share/ament_index/resource_index/packages
[22.524s] symbolically linking /home/ubuntu/ros2_ws/build/motor_serial_bridge/resource/motor_serial_bridge -> /home/ubuntu/ros2_ws/install/motor_serial_bridge/share/ament_index/resource_index/packages
[22.525s] symbolically linking /home/ubuntu/ros2_ws/build/motor_serial_bridge/package.xml -> /home/ubuntu/ros2_ws/install/motor_serial_bridge/share/motor_serial_bridge
[22.761s] Invoked command in '/home/ubuntu/ros2_ws/build/motor_serial_bridge' returned '0': AMENT_PREFIX_PATH=/home/ubuntu/ros2_ws/install/serial_motor_demo_msgs:${AMENT_PREFIX_PATH} CMAKE_PREFIX_PATH=/home/ubuntu/ros2_ws/install/serial_motor_demo_msgs LD_LIBRARY_PATH=/home/ubuntu/ros2_ws/install/serial_motor_demo_msgs/lib:${LD_LIBRARY_PATH} PYTHONPATH=/home/ubuntu/ros2_ws/build/motor_serial_bridge/prefix_override:/usr/lib/python3/dist-packages/colcon_core/task/python/colcon_distutils_commands:/home/ubuntu/ros2_ws/install/motor_serial_bridge/lib/python3.10/site-packages:/home/ubuntu/ros2_ws/install/serial_motor_demo_msgs/local/lib/python3.10/dist-packages:${PYTHONPATH} /usr/bin/python3 -W ignore:setup.py install is deprecated -W ignore:easy_install command is deprecated setup.py develop --editable --build-directory /home/ubuntu/ros2_ws/build/motor_serial_bridge/build --no-deps symlink_data
