running develop
running egg_info
writing my_bot.egg-info/PKG-INFO
writing dependency_links to my_bot.egg-info/dependency_links.txt
writing entry points to my_bot.egg-info/entry_points.txt
writing requirements to my_bot.egg-info/requires.txt
writing top-level names to my_bot.egg-info/top_level.txt
reading manifest file 'my_bot.egg-info/SOURCES.txt'
writing manifest file 'my_bot.egg-info/SOURCES.txt'
running build_ext
Creating /home/ubuntu/ros2_ws/install/my_bot/lib/python3.10/site-packages/my-bot.egg-link (link to .)
Installing cmd_vel_to_motor script to /home/ubuntu/ros2_ws/install/my_bot/lib/my_bot
Installing encoder_odom script to /home/ubuntu/ros2_ws/install/my_bot/lib/my_bot
Installing joy_button_teleop script to /home/ubuntu/ros2_ws/install/my_bot/lib/my_bot
Installing robot_driver script to /home/ubuntu/ros2_ws/install/my_bot/lib/my_bot

Installed /home/ubuntu/ros2_ws/build/my_bot
running symlink_data
symbolically linking /home/ubuntu/ros2_ws/build/my_bot/resource/my_bot -> /home/ubuntu/ros2_ws/install/my_bot/share/ament_index/resource_index/packages
symbolically linking /home/ubuntu/ros2_ws/build/my_bot/package.xml -> /home/ubuntu/ros2_ws/install/my_bot/share/my_bot
symbolically linking /home/ubuntu/ros2_ws/build/my_bot/launch/bringup_real_slam.launch.py -> /home/ubuntu/ros2_ws/install/my_bot/share/my_bot/launch
symbolically linking /home/ubuntu/ros2_ws/build/my_bot/launch/bringup.launch.py -> /home/ubuntu/ros2_ws/install/my_bot/share/my_bot/launch
symbolically linking /home/ubuntu/ros2_ws/build/my_bot/config/slam.yaml -> /home/ubuntu/ros2_ws/install/my_bot/share/my_bot/config
symbolically linking /home/ubuntu/ros2_ws/build/my_bot/config/teleop_joy.yaml -> /home/ubuntu/ros2_ws/install/my_bot/share/my_bot/config
symbolically linking /home/ubuntu/ros2_ws/build/my_bot/config/slam_params.yaml -> /home/ubuntu/ros2_ws/install/my_bot/share/my_bot/config
