[16.024s] Invoking command in '/home/ubuntu/ros2_ws/build/motor_cmd_bridge': AMENT_PREFIX_PATH=/home/ubuntu/ros2_ws/install/serial_motor_demo_msgs:${AMENT_PREFIX_PATH} CMAKE_PREFIX_PATH=/home/ubuntu/ros2_ws/install/serial_motor_demo_msgs LD_LIBRARY_PATH=/home/ubuntu/ros2_ws/install/serial_motor_demo_msgs/lib:${LD_LIBRARY_PATH} PYTHONPATH=/home/ubuntu/ros2_ws/build/motor_cmd_bridge/prefix_override:/usr/lib/python3/dist-packages/colcon_core/task/python/colcon_distutils_commands:/home/ubuntu/ros2_ws/install/motor_cmd_bridge/lib/python3.10/site-packages:/home/ubuntu/ros2_ws/install/serial_motor_demo_msgs/local/lib/python3.10/dist-packages:${PYTHONPATH} /usr/bin/python3 -W ignore:setup.py install is deprecated -W ignore:easy_install command is deprecated setup.py develop --editable --build-directory /home/ubuntu/ros2_ws/build/motor_cmd_bridge/build --no-deps symlink_data
[20.281s] running develop
[23.279s] running egg_info
[23.279s] creating motor_cmd_bridge.egg-info
[23.281s] writing motor_cmd_bridge.egg-info/PKG-INFO
[23.293s] writing dependency_links to motor_cmd_bridge.egg-info/dependency_links.txt
[23.295s] writing entry points to motor_cmd_bridge.egg-info/entry_points.txt
[23.297s] writing requirements to motor_cmd_bridge.egg-info/requires.txt
[23.298s] writing top-level names to motor_cmd_bridge.egg-info/top_level.txt
[23.300s] writing manifest file 'motor_cmd_bridge.egg-info/SOURCES.txt'
[23.323s] reading manifest file 'motor_cmd_bridge.egg-info/SOURCES.txt'
[23.329s] writing manifest file 'motor_cmd_bridge.egg-info/SOURCES.txt'
[23.352s] running build_ext
[23.353s] Creating /home/ubuntu/ros2_ws/install/motor_cmd_bridge/lib/python3.10/site-packages/motor-cmd-bridge.egg-link (link to .)
[23.371s] Installing cmd_vel_to_motor script to /home/ubuntu/ros2_ws/install/motor_cmd_bridge/lib/motor_cmd_bridge
[23.373s] 
[23.374s] Installed /home/ubuntu/ros2_ws/build/motor_cmd_bridge
[23.375s] running symlink_data
[23.376s] creating /home/ubuntu/ros2_ws/install/motor_cmd_bridge/share/ament_index
[23.377s] creating /home/ubuntu/ros2_ws/install/motor_cmd_bridge/share/ament_index/resource_index
[23.378s] creating /home/ubuntu/ros2_ws/install/motor_cmd_bridge/share/ament_index/resource_index/packages
[23.379s] symbolically linking /home/ubuntu/ros2_ws/build/motor_cmd_bridge/resource/motor_cmd_bridge -> /home/ubuntu/ros2_ws/install/motor_cmd_bridge/share/ament_index/resource_index/packages
[23.380s] symbolically linking /home/ubuntu/ros2_ws/build/motor_cmd_bridge/package.xml -> /home/ubuntu/ros2_ws/install/motor_cmd_bridge/share/motor_cmd_bridge
[26.512s] Invoked command in '/home/ubuntu/ros2_ws/build/motor_cmd_bridge' returned '0': AMENT_PREFIX_PATH=/home/ubuntu/ros2_ws/install/serial_motor_demo_msgs:${AMENT_PREFIX_PATH} CMAKE_PREFIX_PATH=/home/ubuntu/ros2_ws/install/serial_motor_demo_msgs LD_LIBRARY_PATH=/home/ubuntu/ros2_ws/install/serial_motor_demo_msgs/lib:${LD_LIBRARY_PATH} PYTHONPATH=/home/ubuntu/ros2_ws/build/motor_cmd_bridge/prefix_override:/usr/lib/python3/dist-packages/colcon_core/task/python/colcon_distutils_commands:/home/ubuntu/ros2_ws/install/motor_cmd_bridge/lib/python3.10/site-packages:/home/ubuntu/ros2_ws/install/serial_motor_demo_msgs/local/lib/python3.10/dist-packages:${PYTHONPATH} /usr/bin/python3 -W ignore:setup.py install is deprecated -W ignore:easy_install command is deprecated setup.py develop --editable --build-directory /home/ubuntu/ros2_ws/build/motor_cmd_bridge/build --no-deps symlink_data
