running develop
running egg_info
creating diffdrive_arduino.egg-info
writing diffdrive_arduino.egg-info/PKG-INFO
writing dependency_links to diffdrive_arduino.egg-info/dependency_links.txt
writing entry points to diffdrive_arduino.egg-info/entry_points.txt
writing requirements to diffdrive_arduino.egg-info/requires.txt
writing top-level names to diffdrive_arduino.egg-info/top_level.txt
writing manifest file 'diffdrive_arduino.egg-info/SOURCES.txt'
reading manifest file 'diffdrive_arduino.egg-info/SOURCES.txt'
writing manifest file 'diffdrive_arduino.egg-info/SOURCES.txt'
running build_ext
Creating /home/ubuntu/ros2_ws/install/diffdrive_arduino/lib/python3.10/site-packages/diffdrive-arduino.egg-link (link to .)
Installing cmd_vel_to_motor script to /home/ubuntu/ros2_ws/install/diffdrive_arduino/lib/diffdrive_arduino
Installing cmd_vel_to_odom script to /home/ubuntu/ros2_ws/install/diffdrive_arduino/lib/diffdrive_arduino

Installed /home/ubuntu/ros2_ws/build/diffdrive_arduino
running symlink_data
creating /home/ubuntu/ros2_ws/install/diffdrive_arduino/share/ament_index
creating /home/ubuntu/ros2_ws/install/diffdrive_arduino/share/ament_index/resource_index
creating /home/ubuntu/ros2_ws/install/diffdrive_arduino/share/ament_index/resource_index/packages
symbolically linking /home/ubuntu/ros2_ws/build/diffdrive_arduino/resource/diffdrive_arduino -> /home/ubuntu/ros2_ws/install/diffdrive_arduino/share/ament_index/resource_index/packages
symbolically linking /home/ubuntu/ros2_ws/build/diffdrive_arduino/package.xml -> /home/ubuntu/ros2_ws/install/diffdrive_arduino/share/diffdrive_arduino
