[7.540s] Invoking command in '/home/ubuntu/ros2_ws/build/serial_motor_demo': AMENT_PREFIX_PATH=/home/ubuntu/ros2_ws/install/serial_motor_demo_msgs:${AMENT_PREFIX_PATH} CMAKE_PREFIX_PATH=/home/ubuntu/ros2_ws/install/serial_motor_demo_msgs LD_LIBRARY_PATH=/home/ubuntu/ros2_ws/install/serial_motor_demo_msgs/lib:${LD_LIBRARY_PATH} PYTHONPATH=/home/ubuntu/ros2_ws/build/serial_motor_demo/prefix_override:/usr/lib/python3/dist-packages/colcon_core/task/python/colcon_distutils_commands:/home/ubuntu/ros2_ws/install/serial_motor_demo/lib/python3.10/site-packages:/home/ubuntu/ros2_ws/install/serial_motor_demo_msgs/local/lib/python3.10/dist-packages:${PYTHONPATH} /usr/bin/python3 -W ignore:setup.py install is deprecated -W ignore:easy_install command is deprecated setup.py develop --editable --build-directory /home/ubuntu/ros2_ws/build/serial_motor_demo/build --no-deps symlink_data
[9.722s] running develop
[11.151s] running egg_info
[11.152s] creating serial_motor_demo.egg-info
[11.153s] writing serial_motor_demo.egg-info/PKG-INFO
[11.154s] writing dependency_links to serial_motor_demo.egg-info/dependency_links.txt
[11.156s] writing entry points to serial_motor_demo.egg-info/entry_points.txt
[11.157s] writing requirements to serial_motor_demo.egg-info/requires.txt
[11.158s] writing top-level names to serial_motor_demo.egg-info/top_level.txt
[11.160s] writing manifest file 'serial_motor_demo.egg-info/SOURCES.txt'
[11.169s] reading manifest file 'serial_motor_demo.egg-info/SOURCES.txt'
[11.173s] writing manifest file 'serial_motor_demo.egg-info/SOURCES.txt'
[11.182s] running build_ext
[11.183s] Creating /home/ubuntu/ros2_ws/install/serial_motor_demo/lib/python3.10/site-packages/serial-motor-demo.egg-link (link to .)
[11.189s] Installing driver script to /home/ubuntu/ros2_ws/install/serial_motor_demo/lib/serial_motor_demo
[11.191s] Installing gui script to /home/ubuntu/ros2_ws/install/serial_motor_demo/lib/serial_motor_demo
[11.193s] 
[11.194s] Installed /home/ubuntu/ros2_ws/build/serial_motor_demo
[11.194s] running symlink_data
[11.195s] creating /home/ubuntu/ros2_ws/install/serial_motor_demo/share/ament_index
[11.196s] creating /home/ubuntu/ros2_ws/install/serial_motor_demo/share/ament_index/resource_index
[11.197s] creating /home/ubuntu/ros2_ws/install/serial_motor_demo/share/ament_index/resource_index/packages
[11.197s] symbolically linking /home/ubuntu/ros2_ws/build/serial_motor_demo/resource/serial_motor_demo -> /home/ubuntu/ros2_ws/install/serial_motor_demo/share/ament_index/resource_index/packages
[11.199s] symbolically linking /home/ubuntu/ros2_ws/build/serial_motor_demo/package.xml -> /home/ubuntu/ros2_ws/install/serial_motor_demo/share/serial_motor_demo
[11.381s] Invoked command in '/home/ubuntu/ros2_ws/build/serial_motor_demo' returned '0': AMENT_PREFIX_PATH=/home/ubuntu/ros2_ws/install/serial_motor_demo_msgs:${AMENT_PREFIX_PATH} CMAKE_PREFIX_PATH=/home/ubuntu/ros2_ws/install/serial_motor_demo_msgs LD_LIBRARY_PATH=/home/ubuntu/ros2_ws/install/serial_motor_demo_msgs/lib:${LD_LIBRARY_PATH} PYTHONPATH=/home/ubuntu/ros2_ws/build/serial_motor_demo/prefix_override:/usr/lib/python3/dist-packages/colcon_core/task/python/colcon_distutils_commands:/home/ubuntu/ros2_ws/install/serial_motor_demo/lib/python3.10/site-packages:/home/ubuntu/ros2_ws/install/serial_motor_demo_msgs/local/lib/python3.10/dist-packages:${PYTHONPATH} /usr/bin/python3 -W ignore:setup.py install is deprecated -W ignore:easy_install command is deprecated setup.py develop --editable --build-directory /home/ubuntu/ros2_ws/build/serial_motor_demo/build --no-deps symlink_data
